Analysis & Synthesis report for DE2_i2sound
Sun May 05 13:24:50 2024
Quartus II 64-Bit Version 13.0.1 Build 232 06/12/2013 Service Pack 1 SJ Web Edition


---------------------
; Table of Contents ;
---------------------
  1. Legal Notice
  2. Analysis & Synthesis Summary
  3. Analysis & Synthesis Settings
  4. Parallel Compilation
  5. Analysis & Synthesis Source Files Read
  6. Analysis & Synthesis Resource Usage Summary
  7. Analysis & Synthesis Resource Utilization by Entity
  8. Registers Removed During Synthesis
  9. Removed Registers Triggering Further Register Optimizations
 10. General Register Statistics
 11. Multiplexer Restructuring Statistics (Restructuring Performed)
 12. Parameter Settings for User Entity Instance: Wrapper:inst5|FIR:param
 13. Elapsed Time Per Partition
 14. Analysis & Synthesis Messages



----------------
; Legal Notice ;
----------------
Copyright (C) 1991-2013 Altera Corporation
Your use of Altera Corporation's design tools, logic functions 
and other software and tools, and its AMPP partner logic 
functions, and any output files from any of the foregoing 
(including device programming or simulation files), and any 
associated documentation or information are expressly subject 
to the terms and conditions of the Altera Program License 
Subscription Agreement, Altera MegaCore Function License 
Agreement, or other applicable license agreement, including, 
without limitation, that your use is for the sole purpose of 
programming logic devices manufactured by Altera and sold by 
Altera or its authorized distributors.  Please refer to the 
applicable agreement for further details.



+--------------------------------------------------------------------------------------+
; Analysis & Synthesis Summary                                                         ;
+------------------------------------+-------------------------------------------------+
; Analysis & Synthesis Status        ; Successful - Sun May 05 13:24:50 2024           ;
; Quartus II 64-Bit Version          ; 13.0.1 Build 232 06/12/2013 SP 1 SJ Web Edition ;
; Revision Name                      ; DE2_i2sound                                     ;
; Top-level Entity Name              ; DE2_i2sound                                     ;
; Family                             ; Cyclone II                                      ;
; Total logic elements               ; 101                                             ;
;     Total combinational functions  ; 89                                              ;
;     Dedicated logic registers      ; 68                                              ;
; Total registers                    ; 68                                              ;
; Total pins                         ; 10                                              ;
; Total virtual pins                 ; 0                                               ;
; Total memory bits                  ; 0                                               ;
; Embedded Multiplier 9-bit elements ; 0                                               ;
; Total PLLs                         ; 0                                               ;
+------------------------------------+-------------------------------------------------+


+----------------------------------------------------------------------------------------------------------------------+
; Analysis & Synthesis Settings                                                                                        ;
+----------------------------------------------------------------------------+--------------------+--------------------+
; Option                                                                     ; Setting            ; Default Value      ;
+----------------------------------------------------------------------------+--------------------+--------------------+
; Device                                                                     ; EP2C35F672C6       ;                    ;
; Top-level entity name                                                      ; DE2_i2sound        ; DE2_i2sound        ;
; Family name                                                                ; Cyclone II         ; Stratix            ;
; Use smart compilation                                                      ; Off                ; Off                ;
; Maximum processors allowed for parallel compilation                        ; 1                  ; 1                  ;
; Enable parallel Assembler and TimeQuest Timing Analyzer during compilation ; On                 ; On                 ;
; Enable compact report table                                                ; Off                ; Off                ;
; Restructure Multiplexers                                                   ; Auto               ; Auto               ;
; Create Debugging Nodes for IP Cores                                        ; Off                ; Off                ;
; Preserve fewer node names                                                  ; On                 ; On                 ;
; Disable OpenCore Plus hardware evaluation                                  ; Off                ; Off                ;
; Verilog Version                                                            ; Verilog_2001       ; Verilog_2001       ;
; VHDL Version                                                               ; VHDL_1993          ; VHDL_1993          ;
; State Machine Processing                                                   ; Auto               ; Auto               ;
; Safe State Machine                                                         ; Off                ; Off                ;
; Extract Verilog State Machines                                             ; On                 ; On                 ;
; Extract VHDL State Machines                                                ; On                 ; On                 ;
; Ignore Verilog initial constructs                                          ; Off                ; Off                ;
; Iteration limit for constant Verilog loops                                 ; 5000               ; 5000               ;
; Iteration limit for non-constant Verilog loops                             ; 250                ; 250                ;
; Add Pass-Through Logic to Inferred RAMs                                    ; On                 ; On                 ;
; Infer RAMs from Raw Logic                                                  ; On                 ; On                 ;
; Parallel Synthesis                                                         ; On                 ; On                 ;
; DSP Block Balancing                                                        ; Auto               ; Auto               ;
; NOT Gate Push-Back                                                         ; On                 ; On                 ;
; Power-Up Don't Care                                                        ; On                 ; On                 ;
; Remove Redundant Logic Cells                                               ; Off                ; Off                ;
; Remove Duplicate Registers                                                 ; On                 ; On                 ;
; Ignore CARRY Buffers                                                       ; Off                ; Off                ;
; Ignore CASCADE Buffers                                                     ; Off                ; Off                ;
; Ignore GLOBAL Buffers                                                      ; Off                ; Off                ;
; Ignore ROW GLOBAL Buffers                                                  ; Off                ; Off                ;
; Ignore LCELL Buffers                                                       ; Off                ; Off                ;
; Ignore SOFT Buffers                                                        ; On                 ; On                 ;
; Limit AHDL Integers to 32 Bits                                             ; Off                ; Off                ;
; Optimization Technique                                                     ; Balanced           ; Balanced           ;
; Carry Chain Length                                                         ; 70                 ; 70                 ;
; Auto Carry Chains                                                          ; On                 ; On                 ;
; Auto Open-Drain Pins                                                       ; On                 ; On                 ;
; Perform WYSIWYG Primitive Resynthesis                                      ; Off                ; Off                ;
; Auto ROM Replacement                                                       ; On                 ; On                 ;
; Auto RAM Replacement                                                       ; On                 ; On                 ;
; Auto Shift Register Replacement                                            ; Auto               ; Auto               ;
; Allow Shift Register Merging across Hierarchies                            ; Auto               ; Auto               ;
; Auto Clock Enable Replacement                                              ; On                 ; On                 ;
; Strict RAM Replacement                                                     ; Off                ; Off                ;
; Allow Synchronous Control Signals                                          ; On                 ; On                 ;
; Force Use of Synchronous Clear Signals                                     ; Off                ; Off                ;
; Auto RAM to Logic Cell Conversion                                          ; Off                ; Off                ;
; Auto Resource Sharing                                                      ; Off                ; Off                ;
; Allow Any RAM Size For Recognition                                         ; Off                ; Off                ;
; Allow Any ROM Size For Recognition                                         ; Off                ; Off                ;
; Allow Any Shift Register Size For Recognition                              ; Off                ; Off                ;
; Use LogicLock Constraints during Resource Balancing                        ; On                 ; On                 ;
; Ignore translate_off and synthesis_off directives                          ; Off                ; Off                ;
; Timing-Driven Synthesis                                                    ; Off                ; Off                ;
; Report Parameter Settings                                                  ; On                 ; On                 ;
; Report Source Assignments                                                  ; On                 ; On                 ;
; Report Connectivity Checks                                                 ; On                 ; On                 ;
; Ignore Maximum Fan-Out Assignments                                         ; Off                ; Off                ;
; Synchronization Register Chain Length                                      ; 2                  ; 2                  ;
; PowerPlay Power Optimization                                               ; Normal compilation ; Normal compilation ;
; HDL message level                                                          ; Level2             ; Level2             ;
; Suppress Register Optimization Related Messages                            ; Off                ; Off                ;
; Number of Removed Registers Reported in Synthesis Report                   ; 100                ; 100                ;
; Number of Swept Nodes Reported in Synthesis Report                         ; 5000               ; 5000               ;
; Number of Inverted Registers Reported in Synthesis Report                  ; 100                ; 100                ;
; Clock MUX Protection                                                       ; On                 ; On                 ;
; Auto Gated Clock Conversion                                                ; Off                ; Off                ;
; Block Design Naming                                                        ; Auto               ; Auto               ;
; SDC constraint protection                                                  ; Off                ; Off                ;
; Synthesis Effort                                                           ; Auto               ; Auto               ;
; Shift Register Replacement - Allow Asynchronous Clear Signal               ; On                 ; On                 ;
; Pre-Mapping Resynthesis Optimization                                       ; Off                ; Off                ;
; Analysis & Synthesis Message Level                                         ; Medium             ; Medium             ;
; Disable Register Merging Across Hierarchies                                ; Auto               ; Auto               ;
; Resource Aware Inference For Block RAM                                     ; On                 ; On                 ;
; Synthesis Seed                                                             ; 1                  ; 1                  ;
+----------------------------------------------------------------------------+--------------------+--------------------+


Parallel compilation was disabled, but you have multiple processors available. Enable parallel compilation to reduce compilation time.
+-------------------------------------+
; Parallel Compilation                ;
+----------------------------+--------+
; Processors                 ; Number ;
+----------------------------+--------+
; Number detected on machine ; 8      ;
; Maximum allowed            ; 1      ;
+----------------------------+--------+


+-------------------------------------------------------------------------------------------------------------------------------------------------------------------------------------------------------------------------------------------+
; Analysis & Synthesis Source Files Read                                                                                                                                                                                                    ;
+----------------------------------+-----------------+------------------------------------+---------------------------------------------------------------------------------------------------------------------------------------+---------+
; File Name with User-Entered Path ; Used in Netlist ; File Type                          ; File Name with Absolute Path                                                                                                          ; Library ;
+----------------------------------+-----------------+------------------------------------+---------------------------------------------------------------------------------------------------------------------------------------+---------+
; Wrapper.v                        ; yes             ; User Verilog HDL File              ; D:/A_Learn/4th_year/232/4_XLTHS_FPGA/FPGA/3_BigProject/B_Project/FPGA_AudioCodec/DE2_i2sound_Group07/DE2_i2sound/Wrapper.v            ;         ;
; DE2_i2sound.bdf                  ; yes             ; User Block Diagram/Schematic File  ; D:/A_Learn/4th_year/232/4_XLTHS_FPGA/FPGA/3_BigProject/B_Project/FPGA_AudioCodec/DE2_i2sound_Group07/DE2_i2sound/DE2_i2sound.bdf      ;         ;
; CLOCK_500.v                      ; yes             ; User Verilog HDL File              ; D:/A_Learn/4th_year/232/4_XLTHS_FPGA/FPGA/3_BigProject/B_Project/FPGA_AudioCodec/DE2_i2sound_Group07/DE2_i2sound/CLOCK_500.v          ;         ;
; i2c.v                            ; yes             ; User Verilog HDL File              ; D:/A_Learn/4th_year/232/4_XLTHS_FPGA/FPGA/3_BigProject/B_Project/FPGA_AudioCodec/DE2_i2sound_Group07/DE2_i2sound/i2c.v                ;         ;
; keytr.v                          ; yes             ; User Verilog HDL File              ; D:/A_Learn/4th_year/232/4_XLTHS_FPGA/FPGA/3_BigProject/B_Project/FPGA_AudioCodec/DE2_i2sound_Group07/DE2_i2sound/keytr.v              ;         ;
; parallel_to_serial.v             ; yes             ; User Verilog HDL File              ; D:/A_Learn/4th_year/232/4_XLTHS_FPGA/FPGA/3_BigProject/B_Project/FPGA_AudioCodec/DE2_i2sound_Group07/DE2_i2sound/parallel_to_serial.v ;         ;
; serial_to_parallel.v             ; yes             ; User Verilog HDL File              ; D:/A_Learn/4th_year/232/4_XLTHS_FPGA/FPGA/3_BigProject/B_Project/FPGA_AudioCodec/DE2_i2sound_Group07/DE2_i2sound/serial_to_parallel.v ;         ;
; FIR.v                            ; yes             ; User Verilog HDL File              ; D:/A_Learn/4th_year/232/4_XLTHS_FPGA/FPGA/3_BigProject/B_Project/FPGA_AudioCodec/DE2_i2sound_Group07/DE2_i2sound/FIR.v                ;         ;
+----------------------------------+-----------------+------------------------------------+---------------------------------------------------------------------------------------------------------------------------------------+---------+


+------------------------------------------------------------------------------+
; Analysis & Synthesis Resource Usage Summary                                  ;
+---------------------------------------------+--------------------------------+
; Resource                                    ; Usage                          ;
+---------------------------------------------+--------------------------------+
; Estimated Total logic elements              ; 101                            ;
;                                             ;                                ;
; Total combinational functions               ; 89                             ;
; Logic element usage by number of LUT inputs ;                                ;
;     -- 4 input functions                    ; 39                             ;
;     -- 3 input functions                    ; 7                              ;
;     -- <=2 input functions                  ; 43                             ;
;                                             ;                                ;
; Logic elements by mode                      ;                                ;
;     -- normal mode                          ; 57                             ;
;     -- arithmetic mode                      ; 32                             ;
;                                             ;                                ;
; Total registers                             ; 68                             ;
;     -- Dedicated logic registers            ; 68                             ;
;     -- I/O registers                        ; 0                              ;
;                                             ;                                ;
; I/O pins                                    ; 10                             ;
; Embedded Multiplier 9-bit elements          ; 0                              ;
; Maximum fan-out node                        ; CLOCK_500:inst4|COUNTER_500[9] ;
; Maximum fan-out                             ; 34                             ;
; Total fan-out                               ; 449                            ;
; Average fan-out                             ; 2.69                           ;
+---------------------------------------------+--------------------------------+


+--------------------------------------------------------------------------------------------------------------------------------------------------------------------------------------+
; Analysis & Synthesis Resource Utilization by Entity                                                                                                                                  ;
+----------------------------+-------------------+--------------+-------------+--------------+---------+-----------+------+--------------+------------------------------+--------------+
; Compilation Hierarchy Node ; LC Combinationals ; LC Registers ; Memory Bits ; DSP Elements ; DSP 9x9 ; DSP 18x18 ; Pins ; Virtual Pins ; Full Hierarchy Name          ; Library Name ;
+----------------------------+-------------------+--------------+-------------+--------------+---------+-----------+------+--------------+------------------------------+--------------+
; |DE2_i2sound               ; 89 (0)            ; 68 (0)       ; 0           ; 0            ; 0       ; 0         ; 10   ; 0            ; |DE2_i2sound                 ; work         ;
;    |CLOCK_500:inst4|       ; 41 (41)           ; 36 (36)      ; 0           ; 0            ; 0       ; 0         ; 0    ; 0            ; |DE2_i2sound|CLOCK_500:inst4 ; work         ;
;    |i2c:inst|              ; 33 (33)           ; 21 (21)      ; 0           ; 0            ; 0       ; 0         ; 0    ; 0            ; |DE2_i2sound|i2c:inst        ; work         ;
;    |keytr:inst1|           ; 15 (15)           ; 11 (11)      ; 0           ; 0            ; 0       ; 0         ; 0    ; 0            ; |DE2_i2sound|keytr:inst1     ; work         ;
+----------------------------+-------------------+--------------+-------------+--------------+---------+-----------+------+--------------+------------------------------+--------------+
Note: For table entries with two numbers listed, the numbers in parentheses indicate the number of resources of the given type used by the specific entity alone. The numbers listed outside of parentheses indicate the total resources of the given type used by the specific entity and all of its sub-entities in the hierarchy.


+--------------------------------------------------------------------------------------+
; Registers Removed During Synthesis                                                   ;
+-----------------------------------------------+--------------------------------------+
; Register name                                 ; Reason for Removal                   ;
+-----------------------------------------------+--------------------------------------+
; Wrapper:inst5|FIR:param|delay_pipeline[0][15] ; Stuck at GND due to stuck port clear ;
; serial_to_parallel:inst20|data[15]            ; Lost fanout                          ;
; Wrapper:inst5|FIR:param|delay_pipeline[0][14] ; Stuck at GND due to stuck port clear ;
; serial_to_parallel:inst20|data[14]            ; Lost fanout                          ;
; Wrapper:inst5|FIR:param|delay_pipeline[0][13] ; Stuck at GND due to stuck port clear ;
; serial_to_parallel:inst20|data[13]            ; Lost fanout                          ;
; Wrapper:inst5|FIR:param|delay_pipeline[0][12] ; Stuck at GND due to stuck port clear ;
; serial_to_parallel:inst20|data[12]            ; Lost fanout                          ;
; Wrapper:inst5|FIR:param|delay_pipeline[0][11] ; Stuck at GND due to stuck port clear ;
; serial_to_parallel:inst20|data[11]            ; Lost fanout                          ;
; Wrapper:inst5|FIR:param|delay_pipeline[0][10] ; Stuck at GND due to stuck port clear ;
; serial_to_parallel:inst20|data[10]            ; Lost fanout                          ;
; Wrapper:inst5|FIR:param|delay_pipeline[0][9]  ; Stuck at GND due to stuck port clear ;
; serial_to_parallel:inst20|data[9]             ; Lost fanout                          ;
; Wrapper:inst5|FIR:param|delay_pipeline[0][8]  ; Stuck at GND due to stuck port clear ;
; serial_to_parallel:inst20|data[8]             ; Lost fanout                          ;
; Wrapper:inst5|FIR:param|delay_pipeline[0][7]  ; Stuck at GND due to stuck port clear ;
; serial_to_parallel:inst20|data[7]             ; Lost fanout                          ;
; Wrapper:inst5|FIR:param|delay_pipeline[0][6]  ; Stuck at GND due to stuck port clear ;
; serial_to_parallel:inst20|data[6]             ; Lost fanout                          ;
; Wrapper:inst5|FIR:param|delay_pipeline[0][5]  ; Stuck at GND due to stuck port clear ;
; serial_to_parallel:inst20|data[5]             ; Lost fanout                          ;
; Wrapper:inst5|FIR:param|delay_pipeline[0][4]  ; Stuck at GND due to stuck port clear ;
; serial_to_parallel:inst20|data[4]             ; Lost fanout                          ;
; Wrapper:inst5|FIR:param|delay_pipeline[0][3]  ; Stuck at GND due to stuck port clear ;
; serial_to_parallel:inst20|data[3]             ; Lost fanout                          ;
; Wrapper:inst5|FIR:param|delay_pipeline[0][2]  ; Stuck at GND due to stuck port clear ;
; serial_to_parallel:inst20|data[2]             ; Lost fanout                          ;
; Wrapper:inst5|FIR:param|delay_pipeline[0][1]  ; Stuck at GND due to stuck port clear ;
; serial_to_parallel:inst20|data[1]             ; Lost fanout                          ;
; Wrapper:inst5|FIR:param|delay_pipeline[0][0]  ; Stuck at GND due to stuck port clear ;
; serial_to_parallel:inst20|data[0]             ; Lost fanout                          ;
; Wrapper:inst5|FIR:param|delay_pipeline[1][15] ; Stuck at GND due to stuck port clear ;
; Wrapper:inst5|FIR:param|delay_pipeline[1][14] ; Stuck at GND due to stuck port clear ;
; Wrapper:inst5|FIR:param|delay_pipeline[1][13] ; Stuck at GND due to stuck port clear ;
; Wrapper:inst5|FIR:param|delay_pipeline[1][12] ; Stuck at GND due to stuck port clear ;
; Wrapper:inst5|FIR:param|delay_pipeline[1][11] ; Stuck at GND due to stuck port clear ;
; Wrapper:inst5|FIR:param|delay_pipeline[1][10] ; Stuck at GND due to stuck port clear ;
; Wrapper:inst5|FIR:param|delay_pipeline[1][9]  ; Stuck at GND due to stuck port clear ;
; Wrapper:inst5|FIR:param|delay_pipeline[1][8]  ; Stuck at GND due to stuck port clear ;
; Wrapper:inst5|FIR:param|delay_pipeline[1][7]  ; Stuck at GND due to stuck port clear ;
; Wrapper:inst5|FIR:param|delay_pipeline[1][6]  ; Stuck at GND due to stuck port clear ;
; Wrapper:inst5|FIR:param|delay_pipeline[1][5]  ; Stuck at GND due to stuck port clear ;
; Wrapper:inst5|FIR:param|delay_pipeline[1][4]  ; Stuck at GND due to stuck port clear ;
; Wrapper:inst5|FIR:param|delay_pipeline[1][3]  ; Stuck at GND due to stuck port clear ;
; Wrapper:inst5|FIR:param|delay_pipeline[1][2]  ; Stuck at GND due to stuck port clear ;
; Wrapper:inst5|FIR:param|delay_pipeline[1][1]  ; Stuck at GND due to stuck port clear ;
; Wrapper:inst5|FIR:param|delay_pipeline[1][0]  ; Stuck at GND due to stuck port clear ;
; Wrapper:inst5|FIR:param|delay_pipeline[2][15] ; Stuck at GND due to stuck port clear ;
; Wrapper:inst5|FIR:param|delay_pipeline[2][14] ; Stuck at GND due to stuck port clear ;
; Wrapper:inst5|FIR:param|delay_pipeline[2][13] ; Stuck at GND due to stuck port clear ;
; Wrapper:inst5|FIR:param|delay_pipeline[2][12] ; Stuck at GND due to stuck port clear ;
; Wrapper:inst5|FIR:param|delay_pipeline[2][11] ; Stuck at GND due to stuck port clear ;
; Wrapper:inst5|FIR:param|delay_pipeline[2][10] ; Stuck at GND due to stuck port clear ;
; Wrapper:inst5|FIR:param|delay_pipeline[2][9]  ; Stuck at GND due to stuck port clear ;
; Wrapper:inst5|FIR:param|delay_pipeline[2][8]  ; Stuck at GND due to stuck port clear ;
; Wrapper:inst5|FIR:param|delay_pipeline[2][7]  ; Stuck at GND due to stuck port clear ;
; Wrapper:inst5|FIR:param|delay_pipeline[2][6]  ; Stuck at GND due to stuck port clear ;
; Wrapper:inst5|FIR:param|delay_pipeline[2][5]  ; Stuck at GND due to stuck port clear ;
; Wrapper:inst5|FIR:param|delay_pipeline[2][4]  ; Stuck at GND due to stuck port clear ;
; Wrapper:inst5|FIR:param|delay_pipeline[2][3]  ; Stuck at GND due to stuck port clear ;
; Wrapper:inst5|FIR:param|delay_pipeline[2][2]  ; Stuck at GND due to stuck port clear ;
; Wrapper:inst5|FIR:param|delay_pipeline[2][1]  ; Stuck at GND due to stuck port clear ;
; Wrapper:inst5|FIR:param|delay_pipeline[2][0]  ; Stuck at GND due to stuck port clear ;
; Wrapper:inst5|FIR:param|delay_pipeline[3][15] ; Stuck at GND due to stuck port clear ;
; Wrapper:inst5|FIR:param|delay_pipeline[3][14] ; Stuck at GND due to stuck port clear ;
; Wrapper:inst5|FIR:param|delay_pipeline[3][13] ; Stuck at GND due to stuck port clear ;
; Wrapper:inst5|FIR:param|delay_pipeline[3][12] ; Stuck at GND due to stuck port clear ;
; Wrapper:inst5|FIR:param|delay_pipeline[3][11] ; Stuck at GND due to stuck port clear ;
; Wrapper:inst5|FIR:param|delay_pipeline[3][10] ; Stuck at GND due to stuck port clear ;
; Wrapper:inst5|FIR:param|delay_pipeline[3][9]  ; Stuck at GND due to stuck port clear ;
; Wrapper:inst5|FIR:param|delay_pipeline[3][8]  ; Stuck at GND due to stuck port clear ;
; Wrapper:inst5|FIR:param|delay_pipeline[3][7]  ; Stuck at GND due to stuck port clear ;
; Wrapper:inst5|FIR:param|delay_pipeline[3][6]  ; Stuck at GND due to stuck port clear ;
; Wrapper:inst5|FIR:param|delay_pipeline[3][5]  ; Stuck at GND due to stuck port clear ;
; Wrapper:inst5|FIR:param|delay_pipeline[3][4]  ; Stuck at GND due to stuck port clear ;
; Wrapper:inst5|FIR:param|delay_pipeline[3][3]  ; Stuck at GND due to stuck port clear ;
; Wrapper:inst5|FIR:param|delay_pipeline[3][2]  ; Stuck at GND due to stuck port clear ;
; Wrapper:inst5|FIR:param|delay_pipeline[3][1]  ; Stuck at GND due to stuck port clear ;
; Wrapper:inst5|FIR:param|delay_pipeline[3][0]  ; Stuck at GND due to stuck port clear ;
; Wrapper:inst5|FIR:param|delay_pipeline[4][15] ; Stuck at GND due to stuck port clear ;
; Wrapper:inst5|FIR:param|delay_pipeline[4][14] ; Stuck at GND due to stuck port clear ;
; Wrapper:inst5|FIR:param|delay_pipeline[4][13] ; Stuck at GND due to stuck port clear ;
; Wrapper:inst5|FIR:param|delay_pipeline[4][12] ; Stuck at GND due to stuck port clear ;
; Wrapper:inst5|FIR:param|delay_pipeline[4][11] ; Stuck at GND due to stuck port clear ;
; Wrapper:inst5|FIR:param|delay_pipeline[4][10] ; Stuck at GND due to stuck port clear ;
; Wrapper:inst5|FIR:param|delay_pipeline[4][9]  ; Stuck at GND due to stuck port clear ;
; Wrapper:inst5|FIR:param|delay_pipeline[4][8]  ; Stuck at GND due to stuck port clear ;
; Wrapper:inst5|FIR:param|delay_pipeline[4][7]  ; Stuck at GND due to stuck port clear ;
; Wrapper:inst5|FIR:param|delay_pipeline[4][6]  ; Stuck at GND due to stuck port clear ;
; Wrapper:inst5|FIR:param|delay_pipeline[4][5]  ; Stuck at GND due to stuck port clear ;
; Wrapper:inst5|FIR:param|delay_pipeline[4][4]  ; Stuck at GND due to stuck port clear ;
; Wrapper:inst5|FIR:param|delay_pipeline[4][3]  ; Stuck at GND due to stuck port clear ;
; Wrapper:inst5|FIR:param|delay_pipeline[4][2]  ; Stuck at GND due to stuck port clear ;
; Wrapper:inst5|FIR:param|delay_pipeline[4][1]  ; Stuck at GND due to stuck port clear ;
; Wrapper:inst5|FIR:param|delay_pipeline[4][0]  ; Stuck at GND due to stuck port clear ;
; Wrapper:inst5|FIR:param|delay_pipeline[5][15] ; Stuck at GND due to stuck port clear ;
; Wrapper:inst5|FIR:param|delay_pipeline[5][14] ; Stuck at GND due to stuck port clear ;
; Wrapper:inst5|FIR:param|delay_pipeline[5][13] ; Stuck at GND due to stuck port clear ;
; Wrapper:inst5|FIR:param|delay_pipeline[5][12] ; Stuck at GND due to stuck port clear ;
; Total Number of Removed Registers = 448       ;                                      ;
+-----------------------------------------------+--------------------------------------+
* Table truncated at 100 items. To change the number of removed registers reported, set the "Number of Removed Registers Reported" option under Assignments->Settings->Analysis and Synthesis Settings->More Settings


+-----------------------------------------------------------------------------------------------------------------------------------------------------------------+
; Removed Registers Triggering Further Register Optimizations                                                                                                     ;
+-----------------------------------------------+---------------------------+-------------------------------------------------------------------------------------+
; Register name                                 ; Reason for Removal        ; Registers Removed due to This Register                                              ;
+-----------------------------------------------+---------------------------+-------------------------------------------------------------------------------------+
; Wrapper:inst5|FIR:param|delay_pipeline[0][15] ; Stuck at GND              ; serial_to_parallel:inst20|data[15], serial_to_parallel:inst20|data[14],             ;
;                                               ; due to stuck port clear   ; serial_to_parallel:inst20|data[13], serial_to_parallel:inst20|data[12],             ;
;                                               ;                           ; serial_to_parallel:inst20|data[11], serial_to_parallel:inst20|data[10],             ;
;                                               ;                           ; serial_to_parallel:inst20|data[9], serial_to_parallel:inst20|data[8],               ;
;                                               ;                           ; serial_to_parallel:inst20|data[7], serial_to_parallel:inst20|data[6],               ;
;                                               ;                           ; serial_to_parallel:inst20|data[5], serial_to_parallel:inst20|data[4],               ;
;                                               ;                           ; serial_to_parallel:inst20|data[3], serial_to_parallel:inst20|data[2],               ;
;                                               ;                           ; serial_to_parallel:inst20|data[1], serial_to_parallel:inst20|data[0],               ;
;                                               ;                           ; Wrapper:inst5|FIR:param|delay_pipeline[1][15],                                      ;
;                                               ;                           ; Wrapper:inst5|FIR:param|delay_pipeline[2][15],                                      ;
;                                               ;                           ; Wrapper:inst5|FIR:param|delay_pipeline[3][15],                                      ;
;                                               ;                           ; Wrapper:inst5|FIR:param|delay_pipeline[4][15],                                      ;
;                                               ;                           ; Wrapper:inst5|FIR:param|delay_pipeline[5][15],                                      ;
;                                               ;                           ; Wrapper:inst5|FIR:param|delay_pipeline[6][15],                                      ;
;                                               ;                           ; Wrapper:inst5|FIR:param|delay_pipeline[7][15],                                      ;
;                                               ;                           ; Wrapper:inst5|FIR:param|delay_pipeline[8][15],                                      ;
;                                               ;                           ; Wrapper:inst5|FIR:param|product[0][23], Wrapper:inst5|FIR:param|product[0][22],     ;
;                                               ;                           ; Wrapper:inst5|FIR:param|product[0][21], Wrapper:inst5|FIR:param|product[0][20],     ;
;                                               ;                           ; Wrapper:inst5|FIR:param|product[0][19], Wrapper:inst5|FIR:param|product[0][18],     ;
;                                               ;                           ; Wrapper:inst5|FIR:param|product[0][17], Wrapper:inst5|FIR:param|product[0][16],     ;
;                                               ;                           ; Wrapper:inst5|FIR:param|product[0][15], Wrapper:inst5|FIR:param|product[1][17],     ;
;                                               ;                           ; Wrapper:inst5|FIR:param|product[1][16], Wrapper:inst5|FIR:param|product[1][15],     ;
;                                               ;                           ; Wrapper:inst5|FIR:param|product[1][14], Wrapper:inst5|FIR:param|product[1][13],     ;
;                                               ;                           ; Wrapper:inst5|FIR:param|product[1][12], Wrapper:inst5|FIR:param|product[1][11],     ;
;                                               ;                           ; Wrapper:inst5|FIR:param|product[1][10], Wrapper:inst5|FIR:param|product[1][9],      ;
;                                               ;                           ; Wrapper:inst5|FIR:param|product[2][21], Wrapper:inst5|FIR:param|product[2][20],     ;
;                                               ;                           ; Wrapper:inst5|FIR:param|product[2][19], Wrapper:inst5|FIR:param|product[2][18],     ;
;                                               ;                           ; Wrapper:inst5|FIR:param|product[2][17], Wrapper:inst5|FIR:param|product[2][16],     ;
;                                               ;                           ; Wrapper:inst5|FIR:param|product[2][15], Wrapper:inst5|FIR:param|product[2][14],     ;
;                                               ;                           ; Wrapper:inst5|FIR:param|product[2][13], Wrapper:inst5|FIR:param|product[3][23],     ;
;                                               ;                           ; Wrapper:inst5|FIR:param|product[3][22], Wrapper:inst5|FIR:param|product[3][21],     ;
;                                               ;                           ; Wrapper:inst5|FIR:param|product[3][20], Wrapper:inst5|FIR:param|product[3][19],     ;
;                                               ;                           ; Wrapper:inst5|FIR:param|product[3][18], Wrapper:inst5|FIR:param|product[3][17],     ;
;                                               ;                           ; Wrapper:inst5|FIR:param|product[3][16], Wrapper:inst5|FIR:param|product[3][15],     ;
;                                               ;                           ; Wrapper:inst5|FIR:param|product[4][23], Wrapper:inst5|FIR:param|product[4][22],     ;
;                                               ;                           ; Wrapper:inst5|FIR:param|product[4][21], Wrapper:inst5|FIR:param|product[4][20],     ;
;                                               ;                           ; Wrapper:inst5|FIR:param|product[4][19], Wrapper:inst5|FIR:param|product[4][18],     ;
;                                               ;                           ; Wrapper:inst5|FIR:param|product[4][17], Wrapper:inst5|FIR:param|product[4][16],     ;
;                                               ;                           ; Wrapper:inst5|FIR:param|product[4][15], Wrapper:inst5|FIR:param|product[5][23],     ;
;                                               ;                           ; Wrapper:inst5|FIR:param|product[5][22], Wrapper:inst5|FIR:param|product[5][21],     ;
;                                               ;                           ; Wrapper:inst5|FIR:param|product[5][20], Wrapper:inst5|FIR:param|product[5][19],     ;
;                                               ;                           ; Wrapper:inst5|FIR:param|product[5][18], Wrapper:inst5|FIR:param|product[5][17],     ;
;                                               ;                           ; Wrapper:inst5|FIR:param|product[5][16], Wrapper:inst5|FIR:param|product[5][15],     ;
;                                               ;                           ; Wrapper:inst5|FIR:param|product[6][21], Wrapper:inst5|FIR:param|product[6][20],     ;
;                                               ;                           ; Wrapper:inst5|FIR:param|product[6][19], Wrapper:inst5|FIR:param|product[6][18],     ;
;                                               ;                           ; Wrapper:inst5|FIR:param|product[6][17], Wrapper:inst5|FIR:param|product[6][16],     ;
;                                               ;                           ; Wrapper:inst5|FIR:param|product[6][15], Wrapper:inst5|FIR:param|product[6][14],     ;
;                                               ;                           ; Wrapper:inst5|FIR:param|product[6][13], Wrapper:inst5|FIR:param|product[7][17],     ;
;                                               ;                           ; Wrapper:inst5|FIR:param|product[7][16], Wrapper:inst5|FIR:param|product[7][15],     ;
;                                               ;                           ; Wrapper:inst5|FIR:param|product[7][14], Wrapper:inst5|FIR:param|product[7][13],     ;
;                                               ;                           ; Wrapper:inst5|FIR:param|product[7][12], Wrapper:inst5|FIR:param|product[7][11],     ;
;                                               ;                           ; Wrapper:inst5|FIR:param|product[7][10], Wrapper:inst5|FIR:param|product[7][9],      ;
;                                               ;                           ; Wrapper:inst5|FIR:param|product[8][23], Wrapper:inst5|FIR:param|product[8][22],     ;
;                                               ;                           ; Wrapper:inst5|FIR:param|product[8][21], Wrapper:inst5|FIR:param|product[8][20],     ;
;                                               ;                           ; Wrapper:inst5|FIR:param|product[8][19], Wrapper:inst5|FIR:param|product[8][18],     ;
;                                               ;                           ; Wrapper:inst5|FIR:param|product[8][17], Wrapper:inst5|FIR:param|product[8][16],     ;
;                                               ;                           ; Wrapper:inst5|FIR:param|product[8][15], Wrapper:inst5|FIR:param|sum[26],            ;
;                                               ;                           ; Wrapper:inst5|FIR:param|sum[25], Wrapper:inst5|FIR:param|sum[24],                   ;
;                                               ;                           ; Wrapper:inst5|FIR:param|sum[23], Wrapper:inst5|FIR:param|sum[22],                   ;
;                                               ;                           ; Wrapper:inst5|FIR:param|sum[21], Wrapper:inst5|FIR:param|sum[20],                   ;
;                                               ;                           ; Wrapper:inst5|FIR:param|sum[19], Wrapper:inst5|FIR:param|sum[18],                   ;
;                                               ;                           ; Wrapper:inst5|output_sample[7], Wrapper:inst5|output_sample[8],                     ;
;                                               ;                           ; Wrapper:inst5|output_sample[9], Wrapper:inst5|output_sample[10],                    ;
;                                               ;                           ; Wrapper:inst5|output_sample[11], Wrapper:inst5|output_sample[12],                   ;
;                                               ;                           ; Wrapper:inst5|output_sample[13], Wrapper:inst5|output_sample[14],                   ;
;                                               ;                           ; Wrapper:inst5|output_sample[15], parallel_to_serial:inst10|data_buffer[14],         ;
;                                               ;                           ; parallel_to_serial:inst10|data_buffer[13],                                          ;
;                                               ;                           ; parallel_to_serial:inst10|data_buffer[12],                                          ;
;                                               ;                           ; parallel_to_serial:inst10|data_buffer[11],                                          ;
;                                               ;                           ; parallel_to_serial:inst10|data_buffer[10],                                          ;
;                                               ;                           ; parallel_to_serial:inst10|data_buffer[9], parallel_to_serial:inst10|data_buffer[8], ;
;                                               ;                           ; parallel_to_serial:inst10|data_buffer[7], serial_to_parallel:inst20|bit_counter[3], ;
;                                               ;                           ; serial_to_parallel:inst20|bit_counter[2], serial_to_parallel:inst20|bit_counter[1], ;
;                                               ;                           ; serial_to_parallel:inst20|lrclk_d1, serial_to_parallel:inst20|lrclk_d2,             ;
;                                               ;                           ; serial_to_parallel:inst20|bit_counter[0], parallel_to_serial:inst10|data            ;
; Wrapper:inst5|FIR:param|delay_pipeline[0][1]  ; Stuck at GND              ; Wrapper:inst5|FIR:param|delay_pipeline[1][1],                                       ;
;                                               ; due to stuck port clear   ; Wrapper:inst5|FIR:param|delay_pipeline[2][1],                                       ;
;                                               ;                           ; Wrapper:inst5|FIR:param|delay_pipeline[3][1],                                       ;
;                                               ;                           ; Wrapper:inst5|FIR:param|delay_pipeline[4][1],                                       ;
;                                               ;                           ; Wrapper:inst5|FIR:param|delay_pipeline[5][1],                                       ;
;                                               ;                           ; Wrapper:inst5|FIR:param|delay_pipeline[6][1],                                       ;
;                                               ;                           ; Wrapper:inst5|FIR:param|delay_pipeline[7][1],                                       ;
;                                               ;                           ; Wrapper:inst5|FIR:param|delay_pipeline[8][1],                                       ;
;                                               ;                           ; Wrapper:inst5|FIR:param|product[1][1], Wrapper:inst5|FIR:param|product[7][1]        ;
; Wrapper:inst5|FIR:param|delay_pipeline[0][0]  ; Stuck at GND              ; Wrapper:inst5|FIR:param|delay_pipeline[1][0],                                       ;
;                                               ; due to stuck port clear   ; Wrapper:inst5|FIR:param|delay_pipeline[2][0],                                       ;
;                                               ;                           ; Wrapper:inst5|FIR:param|delay_pipeline[3][0],                                       ;
;                                               ;                           ; Wrapper:inst5|FIR:param|delay_pipeline[4][0],                                       ;
;                                               ;                           ; Wrapper:inst5|FIR:param|delay_pipeline[5][0],                                       ;
;                                               ;                           ; Wrapper:inst5|FIR:param|delay_pipeline[6][0],                                       ;
;                                               ;                           ; Wrapper:inst5|FIR:param|delay_pipeline[7][0],                                       ;
;                                               ;                           ; Wrapper:inst5|FIR:param|delay_pipeline[8][0],                                       ;
;                                               ;                           ; Wrapper:inst5|FIR:param|product[1][0], Wrapper:inst5|FIR:param|product[7][0]        ;
; Wrapper:inst5|FIR:param|delay_pipeline[0][14] ; Stuck at GND              ; Wrapper:inst5|FIR:param|delay_pipeline[1][14],                                      ;
;                                               ; due to stuck port clear   ; Wrapper:inst5|FIR:param|delay_pipeline[2][14],                                      ;
;                                               ;                           ; Wrapper:inst5|FIR:param|delay_pipeline[3][14],                                      ;
;                                               ;                           ; Wrapper:inst5|FIR:param|delay_pipeline[4][14],                                      ;
;                                               ;                           ; Wrapper:inst5|FIR:param|delay_pipeline[5][14],                                      ;
;                                               ;                           ; Wrapper:inst5|FIR:param|delay_pipeline[6][14],                                      ;
;                                               ;                           ; Wrapper:inst5|FIR:param|delay_pipeline[7][14],                                      ;
;                                               ;                           ; Wrapper:inst5|FIR:param|delay_pipeline[8][14]                                       ;
; Wrapper:inst5|FIR:param|delay_pipeline[0][13] ; Stuck at GND              ; Wrapper:inst5|FIR:param|delay_pipeline[1][13],                                      ;
;                                               ; due to stuck port clear   ; Wrapper:inst5|FIR:param|delay_pipeline[2][13],                                      ;
;                                               ;                           ; Wrapper:inst5|FIR:param|delay_pipeline[3][13],                                      ;
;                                               ;                           ; Wrapper:inst5|FIR:param|delay_pipeline[4][13],                                      ;
;                                               ;                           ; Wrapper:inst5|FIR:param|delay_pipeline[5][13],                                      ;
;                                               ;                           ; Wrapper:inst5|FIR:param|delay_pipeline[6][13],                                      ;
;                                               ;                           ; Wrapper:inst5|FIR:param|delay_pipeline[7][13],                                      ;
;                                               ;                           ; Wrapper:inst5|FIR:param|delay_pipeline[8][13]                                       ;
; Wrapper:inst5|FIR:param|delay_pipeline[0][12] ; Stuck at GND              ; Wrapper:inst5|FIR:param|delay_pipeline[1][12],                                      ;
;                                               ; due to stuck port clear   ; Wrapper:inst5|FIR:param|delay_pipeline[2][12],                                      ;
;                                               ;                           ; Wrapper:inst5|FIR:param|delay_pipeline[3][12],                                      ;
;                                               ;                           ; Wrapper:inst5|FIR:param|delay_pipeline[4][12],                                      ;
;                                               ;                           ; Wrapper:inst5|FIR:param|delay_pipeline[5][12],                                      ;
;                                               ;                           ; Wrapper:inst5|FIR:param|delay_pipeline[6][12],                                      ;
;                                               ;                           ; Wrapper:inst5|FIR:param|delay_pipeline[7][12],                                      ;
;                                               ;                           ; Wrapper:inst5|FIR:param|delay_pipeline[8][12]                                       ;
; Wrapper:inst5|FIR:param|delay_pipeline[0][11] ; Stuck at GND              ; Wrapper:inst5|FIR:param|delay_pipeline[1][11],                                      ;
;                                               ; due to stuck port clear   ; Wrapper:inst5|FIR:param|delay_pipeline[2][11],                                      ;
;                                               ;                           ; Wrapper:inst5|FIR:param|delay_pipeline[3][11],                                      ;
;                                               ;                           ; Wrapper:inst5|FIR:param|delay_pipeline[4][11],                                      ;
;                                               ;                           ; Wrapper:inst5|FIR:param|delay_pipeline[5][11],                                      ;
;                                               ;                           ; Wrapper:inst5|FIR:param|delay_pipeline[6][11],                                      ;
;                                               ;                           ; Wrapper:inst5|FIR:param|delay_pipeline[7][11],                                      ;
;                                               ;                           ; Wrapper:inst5|FIR:param|delay_pipeline[8][11]                                       ;
; Wrapper:inst5|FIR:param|delay_pipeline[0][10] ; Stuck at GND              ; Wrapper:inst5|FIR:param|delay_pipeline[1][10],                                      ;
;                                               ; due to stuck port clear   ; Wrapper:inst5|FIR:param|delay_pipeline[2][10],                                      ;
;                                               ;                           ; Wrapper:inst5|FIR:param|delay_pipeline[3][10],                                      ;
;                                               ;                           ; Wrapper:inst5|FIR:param|delay_pipeline[4][10],                                      ;
;                                               ;                           ; Wrapper:inst5|FIR:param|delay_pipeline[5][10],                                      ;
;                                               ;                           ; Wrapper:inst5|FIR:param|delay_pipeline[6][10],                                      ;
;                                               ;                           ; Wrapper:inst5|FIR:param|delay_pipeline[7][10],                                      ;
;                                               ;                           ; Wrapper:inst5|FIR:param|delay_pipeline[8][10]                                       ;
; Wrapper:inst5|FIR:param|delay_pipeline[0][9]  ; Stuck at GND              ; Wrapper:inst5|FIR:param|delay_pipeline[1][9],                                       ;
;                                               ; due to stuck port clear   ; Wrapper:inst5|FIR:param|delay_pipeline[2][9],                                       ;
;                                               ;                           ; Wrapper:inst5|FIR:param|delay_pipeline[3][9],                                       ;
;                                               ;                           ; Wrapper:inst5|FIR:param|delay_pipeline[4][9],                                       ;
;                                               ;                           ; Wrapper:inst5|FIR:param|delay_pipeline[5][9],                                       ;
;                                               ;                           ; Wrapper:inst5|FIR:param|delay_pipeline[6][9],                                       ;
;                                               ;                           ; Wrapper:inst5|FIR:param|delay_pipeline[7][9],                                       ;
;                                               ;                           ; Wrapper:inst5|FIR:param|delay_pipeline[8][9]                                        ;
; Wrapper:inst5|FIR:param|delay_pipeline[0][8]  ; Stuck at GND              ; Wrapper:inst5|FIR:param|delay_pipeline[1][8],                                       ;
;                                               ; due to stuck port clear   ; Wrapper:inst5|FIR:param|delay_pipeline[2][8],                                       ;
;                                               ;                           ; Wrapper:inst5|FIR:param|delay_pipeline[3][8],                                       ;
;                                               ;                           ; Wrapper:inst5|FIR:param|delay_pipeline[4][8],                                       ;
;                                               ;                           ; Wrapper:inst5|FIR:param|delay_pipeline[5][8],                                       ;
;                                               ;                           ; Wrapper:inst5|FIR:param|delay_pipeline[6][8],                                       ;
;                                               ;                           ; Wrapper:inst5|FIR:param|delay_pipeline[7][8],                                       ;
;                                               ;                           ; Wrapper:inst5|FIR:param|delay_pipeline[8][8]                                        ;
; Wrapper:inst5|FIR:param|delay_pipeline[0][7]  ; Stuck at GND              ; Wrapper:inst5|FIR:param|delay_pipeline[1][7],                                       ;
;                                               ; due to stuck port clear   ; Wrapper:inst5|FIR:param|delay_pipeline[2][7],                                       ;
;                                               ;                           ; Wrapper:inst5|FIR:param|delay_pipeline[3][7],                                       ;
;                                               ;                           ; Wrapper:inst5|FIR:param|delay_pipeline[4][7],                                       ;
;                                               ;                           ; Wrapper:inst5|FIR:param|delay_pipeline[5][7],                                       ;
;                                               ;                           ; Wrapper:inst5|FIR:param|delay_pipeline[6][7],                                       ;
;                                               ;                           ; Wrapper:inst5|FIR:param|delay_pipeline[7][7],                                       ;
;                                               ;                           ; Wrapper:inst5|FIR:param|delay_pipeline[8][7]                                        ;
; Wrapper:inst5|FIR:param|delay_pipeline[0][6]  ; Stuck at GND              ; Wrapper:inst5|FIR:param|delay_pipeline[1][6],                                       ;
;                                               ; due to stuck port clear   ; Wrapper:inst5|FIR:param|delay_pipeline[2][6],                                       ;
;                                               ;                           ; Wrapper:inst5|FIR:param|delay_pipeline[3][6],                                       ;
;                                               ;                           ; Wrapper:inst5|FIR:param|delay_pipeline[4][6],                                       ;
;                                               ;                           ; Wrapper:inst5|FIR:param|delay_pipeline[5][6],                                       ;
;                                               ;                           ; Wrapper:inst5|FIR:param|delay_pipeline[6][6],                                       ;
;                                               ;                           ; Wrapper:inst5|FIR:param|delay_pipeline[7][6],                                       ;
;                                               ;                           ; Wrapper:inst5|FIR:param|delay_pipeline[8][6]                                        ;
; Wrapper:inst5|FIR:param|delay_pipeline[0][5]  ; Stuck at GND              ; Wrapper:inst5|FIR:param|delay_pipeline[1][5],                                       ;
;                                               ; due to stuck port clear   ; Wrapper:inst5|FIR:param|delay_pipeline[2][5],                                       ;
;                                               ;                           ; Wrapper:inst5|FIR:param|delay_pipeline[3][5],                                       ;
;                                               ;                           ; Wrapper:inst5|FIR:param|delay_pipeline[4][5],                                       ;
;                                               ;                           ; Wrapper:inst5|FIR:param|delay_pipeline[5][5],                                       ;
;                                               ;                           ; Wrapper:inst5|FIR:param|delay_pipeline[6][5],                                       ;
;                                               ;                           ; Wrapper:inst5|FIR:param|delay_pipeline[7][5],                                       ;
;                                               ;                           ; Wrapper:inst5|FIR:param|delay_pipeline[8][5]                                        ;
; Wrapper:inst5|FIR:param|delay_pipeline[0][4]  ; Stuck at GND              ; Wrapper:inst5|FIR:param|delay_pipeline[1][4],                                       ;
;                                               ; due to stuck port clear   ; Wrapper:inst5|FIR:param|delay_pipeline[2][4],                                       ;
;                                               ;                           ; Wrapper:inst5|FIR:param|delay_pipeline[3][4],                                       ;
;                                               ;                           ; Wrapper:inst5|FIR:param|delay_pipeline[4][4],                                       ;
;                                               ;                           ; Wrapper:inst5|FIR:param|delay_pipeline[5][4],                                       ;
;                                               ;                           ; Wrapper:inst5|FIR:param|delay_pipeline[6][4],                                       ;
;                                               ;                           ; Wrapper:inst5|FIR:param|delay_pipeline[7][4],                                       ;
;                                               ;                           ; Wrapper:inst5|FIR:param|delay_pipeline[8][4]                                        ;
; Wrapper:inst5|FIR:param|delay_pipeline[0][3]  ; Stuck at GND              ; Wrapper:inst5|FIR:param|delay_pipeline[1][3],                                       ;
;                                               ; due to stuck port clear   ; Wrapper:inst5|FIR:param|delay_pipeline[2][3],                                       ;
;                                               ;                           ; Wrapper:inst5|FIR:param|delay_pipeline[3][3],                                       ;
;                                               ;                           ; Wrapper:inst5|FIR:param|delay_pipeline[4][3],                                       ;
;                                               ;                           ; Wrapper:inst5|FIR:param|delay_pipeline[5][3],                                       ;
;                                               ;                           ; Wrapper:inst5|FIR:param|delay_pipeline[6][3],                                       ;
;                                               ;                           ; Wrapper:inst5|FIR:param|delay_pipeline[7][3],                                       ;
;                                               ;                           ; Wrapper:inst5|FIR:param|delay_pipeline[8][3]                                        ;
; Wrapper:inst5|FIR:param|delay_pipeline[0][2]  ; Stuck at GND              ; Wrapper:inst5|FIR:param|delay_pipeline[1][2],                                       ;
;                                               ; due to stuck port clear   ; Wrapper:inst5|FIR:param|delay_pipeline[2][2],                                       ;
;                                               ;                           ; Wrapper:inst5|FIR:param|delay_pipeline[3][2],                                       ;
;                                               ;                           ; Wrapper:inst5|FIR:param|delay_pipeline[4][2],                                       ;
;                                               ;                           ; Wrapper:inst5|FIR:param|delay_pipeline[5][2],                                       ;
;                                               ;                           ; Wrapper:inst5|FIR:param|delay_pipeline[6][2],                                       ;
;                                               ;                           ; Wrapper:inst5|FIR:param|delay_pipeline[7][2],                                       ;
;                                               ;                           ; Wrapper:inst5|FIR:param|delay_pipeline[8][2]                                        ;
; Wrapper:inst5|FIR:param|sum[17]               ; Stuck at GND              ; Wrapper:inst5|output_sample[6], parallel_to_serial:inst10|data_buffer[6]            ;
;                                               ; due to stuck port clear   ;                                                                                     ;
; Wrapper:inst5|FIR:param|sum[16]               ; Stuck at GND              ; Wrapper:inst5|output_sample[5], parallel_to_serial:inst10|data_buffer[5]            ;
;                                               ; due to stuck port clear   ;                                                                                     ;
; Wrapper:inst5|FIR:param|sum[15]               ; Stuck at GND              ; Wrapper:inst5|output_sample[4], parallel_to_serial:inst10|data_buffer[4]            ;
;                                               ; due to stuck port clear   ;                                                                                     ;
; Wrapper:inst5|FIR:param|sum[14]               ; Stuck at GND              ; Wrapper:inst5|output_sample[3], parallel_to_serial:inst10|data_buffer[3]            ;
;                                               ; due to stuck port clear   ;                                                                                     ;
; Wrapper:inst5|FIR:param|sum[13]               ; Stuck at GND              ; Wrapper:inst5|output_sample[2], parallel_to_serial:inst10|data_buffer[2]            ;
;                                               ; due to stuck port clear   ;                                                                                     ;
; Wrapper:inst5|FIR:param|sum[12]               ; Stuck at GND              ; Wrapper:inst5|output_sample[1], parallel_to_serial:inst10|data_buffer[1]            ;
;                                               ; due to stuck port clear   ;                                                                                     ;
; Wrapper:inst5|FIR:param|sum[11]               ; Stuck at GND              ; Wrapper:inst5|output_sample[0], parallel_to_serial:inst10|data_buffer[0]            ;
;                                               ; due to stuck port clear   ;                                                                                     ;
; CLOCK_500:inst4|DATA_A[15]                    ; Stuck at GND              ; i2c:inst|SD[15]                                                                     ;
;                                               ; due to stuck port data_in ;                                                                                     ;
; CLOCK_500:inst4|DATA_A[14]                    ; Stuck at GND              ; i2c:inst|SD[14]                                                                     ;
;                                               ; due to stuck port data_in ;                                                                                     ;
; CLOCK_500:inst4|DATA_A[13]                    ; Stuck at GND              ; i2c:inst|SD[13]                                                                     ;
;                                               ; due to stuck port data_in ;                                                                                     ;
; CLOCK_500:inst4|DATA_A[8]                     ; Stuck at GND              ; i2c:inst|SD[8]                                                                      ;
;                                               ; due to stuck port data_in ;                                                                                     ;
+-----------------------------------------------+---------------------------+-------------------------------------------------------------------------------------+


+------------------------------------------------------+
; General Register Statistics                          ;
+----------------------------------------------+-------+
; Statistic                                    ; Value ;
+----------------------------------------------+-------+
; Total registers                              ; 68    ;
; Number of registers using Synchronous Clear  ; 7     ;
; Number of registers using Synchronous Load   ; 0     ;
; Number of registers using Asynchronous Clear ; 16    ;
; Number of registers using Asynchronous Load  ; 0     ;
; Number of registers using Clock Enable       ; 32    ;
; Number of registers using Preset             ; 0     ;
+----------------------------------------------+-------+


+------------------------------------------------------------------------------------------------------------------------------------------------------+
; Multiplexer Restructuring Statistics (Restructuring Performed)                                                                                       ;
+--------------------+-----------+---------------+----------------------+------------------------+------------+----------------------------------------+
; Multiplexer Inputs ; Bus Width ; Baseline Area ; Area if Restructured ; Saving if Restructured ; Registered ; Example Multiplexer Output             ;
+--------------------+-----------+---------------+----------------------+------------------------+------------+----------------------------------------+
; 3:1                ; 6 bits    ; 12 LEs        ; 6 LEs                ; 6 LEs                  ; Yes        ; |DE2_i2sound|i2c:inst|SD_COUNTER[5]    ;
; 8:1                ; 5 bits    ; 25 LEs        ; 20 LEs               ; 5 LEs                  ; Yes        ; |DE2_i2sound|CLOCK_500:inst4|DATA_A[6] ;
+--------------------+-----------+---------------+----------------------+------------------------+------------+----------------------------------------+


+----------------------------------------------------------------------+
; Parameter Settings for User Entity Instance: Wrapper:inst5|FIR:param ;
+----------------+----------+------------------------------------------+
; Parameter Name ; Value    ; Type                                     ;
+----------------+----------+------------------------------------------+
; coeff0         ; 00000111 ; Unsigned Binary                          ;
; coeff1         ; 00000101 ; Unsigned Binary                          ;
; coeff2         ; 00110011 ; Unsigned Binary                          ;
; coeff3         ; 10000111 ; Unsigned Binary                          ;
; coeff4         ; 10110011 ; Unsigned Binary                          ;
; coeff5         ; 10000111 ; Unsigned Binary                          ;
; coeff6         ; 00110011 ; Unsigned Binary                          ;
; coeff7         ; 00000101 ; Unsigned Binary                          ;
; coeff8         ; 00000111 ; Unsigned Binary                          ;
+----------------+----------+------------------------------------------+
Note: In order to hide this table in the UI and the text report file, please set the "Show Parameter Settings in Synthesis Report" option in "Analysis and Synthesis Settings -> More Settings" to "Off".


+-------------------------------+
; Elapsed Time Per Partition    ;
+----------------+--------------+
; Partition Name ; Elapsed Time ;
+----------------+--------------+
; Top            ; 00:00:00     ;
+----------------+--------------+


+-------------------------------+
; Analysis & Synthesis Messages ;
+-------------------------------+
Info: *******************************************************************
Info: Running Quartus II 64-Bit Analysis & Synthesis
    Info: Version 13.0.1 Build 232 06/12/2013 Service Pack 1 SJ Web Edition
    Info: Processing started: Sun May 05 13:24:48 2024
Info: Command: quartus_map --read_settings_files=on --write_settings_files=off DE2_i2sound -c DE2_i2sound
Info (12021): Found 1 design units, including 1 entities, in source file wrapper.v
    Info (12023): Found entity 1: Wrapper
Info (12021): Found 1 design units, including 1 entities, in source file de2_i2sound.bdf
    Info (12023): Found entity 1: DE2_i2sound
Info (12021): Found 1 design units, including 1 entities, in source file clock_500.v
    Info (12023): Found entity 1: CLOCK_500
Info (12021): Found 1 design units, including 1 entities, in source file i2c.v
    Info (12023): Found entity 1: i2c
Info (12021): Found 1 design units, including 1 entities, in source file keytr.v
    Info (12023): Found entity 1: keytr
Info (12021): Found 1 design units, including 1 entities, in source file parallel_to_serial.v
    Info (12023): Found entity 1: parallel_to_serial
Info (12021): Found 1 design units, including 1 entities, in source file filter.v
    Info (12023): Found entity 1: filter
Info (12021): Found 1 design units, including 1 entities, in source file echo_machine.v
    Info (12023): Found entity 1: echo_machine
Info (12021): Found 1 design units, including 1 entities, in source file multiplier.v
    Info (12023): Found entity 1: multiplier
Info (12021): Found 1 design units, including 1 entities, in source file shiftregister.v
    Info (12023): Found entity 1: shiftregister
Info (12021): Found 1 design units, including 1 entities, in source file serial_to_parallel.v
    Info (12023): Found entity 1: serial_to_parallel
Info (12021): Found 4 design units, including 4 entities, in source file serial_fir_filter.v
    Info (12023): Found entity 1: signed_adder
    Info (12023): Found entity 2: signed_multiply
    Info (12023): Found entity 3: register
    Info (12023): Found entity 4: serial_fir_filter
Info (12021): Found 1 design units, including 1 entities, in source file fir.v
    Info (12023): Found entity 1: FIR
Info (12127): Elaborating entity "DE2_i2sound" for the top level hierarchy
Warning (275009): Pin "AUD_DACLRCK" not connected
Info (12128): Elaborating entity "i2c" for hierarchy "i2c:inst"
Warning (10230): Verilog HDL assignment warning at i2c.v(78): truncated value with size 32 to match size of target (1)
Warning (10230): Verilog HDL assignment warning at i2c.v(77): truncated value with size 32 to match size of target (1)
Warning (10230): Verilog HDL assignment warning at i2c.v(90): truncated value with size 32 to match size of target (6)
Info (12128): Elaborating entity "CLOCK_500" for hierarchy "CLOCK_500:inst4"
Warning (10230): Verilog HDL assignment warning at CLOCK_500.v(72): truncated value with size 32 to match size of target (1)
Warning (10230): Verilog HDL assignment warning at CLOCK_500.v(76): truncated value with size 32 to match size of target (6)
Warning (10230): Verilog HDL assignment warning at CLOCK_500.v(82): truncated value with size 32 to match size of target (8)
Warning (10230): Verilog HDL assignment warning at CLOCK_500.v(104): truncated value with size 32 to match size of target (11)
Info (12128): Elaborating entity "keytr" for hierarchy "keytr:inst1"
Warning (10230): Verilog HDL assignment warning at keytr.v(65): truncated value with size 32 to match size of target (1)
Warning (10230): Verilog HDL assignment warning at keytr.v(71): truncated value with size 32 to match size of target (10)
Info (12128): Elaborating entity "parallel_to_serial" for hierarchy "parallel_to_serial:inst10"
Info (12128): Elaborating entity "Wrapper" for hierarchy "Wrapper:inst5"
Info (12128): Elaborating entity "FIR" for hierarchy "Wrapper:inst5|FIR:param"
Info (12128): Elaborating entity "serial_to_parallel" for hierarchy "serial_to_parallel:inst20"
Warning (13024): Output pins are stuck at VCC or GND
    Warning (13410): Pin "AUD_DACDAT" is stuck at GND
Info (17049): 23 registers lost all their fanouts during netlist optimizations.
Info (16010): Generating hard_block partition "hard_block:auto_generated_inst"
    Info (16011): Adding 0 node(s), including 0 DDIO, 0 PLL, 0 transceiver and 0 LCELL
Warning (21074): Design contains 4 input pin(s) that do not drive logic
    Warning (15610): No output dependent on input pin "AUD_BCLK"
    Warning (15610): No output dependent on input pin "AUD_ADCLRCK"
    Warning (15610): No output dependent on input pin "AUD_ADCDAT"
    Warning (15610): No output dependent on input pin "AUD_DACLRCK"
Info (21057): Implemented 111 device resources after synthesis - the final resource count might be different
    Info (21058): Implemented 6 input pins
    Info (21059): Implemented 3 output pins
    Info (21060): Implemented 1 bidirectional pins
    Info (21061): Implemented 101 logic cells
Info: Quartus II 64-Bit Analysis & Synthesis was successful. 0 errors, 17 warnings
    Info: Peak virtual memory: 4601 megabytes
    Info: Processing ended: Sun May 05 13:24:50 2024
    Info: Elapsed time: 00:00:02
    Info: Total CPU time (on all processors): 00:00:01


